# JRE version: OpenJDK Runtime Environment (11.0.13) (build 11.0.13+0-b1751.21-8125866)
# Java VM: OpenJDK 64-Bit Server VM (11.0.13+0-b1751.21-8125866, mixed mode, tiered, compressed oops, g1 gc, windows-amd64)
Heap:
 garbage-first heap   total 194560K, used 141971K [0x00000000a1000000, 0x0000000100000000)
  region size 1024K, 58 young (59392K), 4 survivors (4096K)
 Metaspace       used 88734K, capacity 89598K, committed 89936K, reserved 1130496K
  class space    used 9358K, capacity 9706K, committed 9852K, reserved 1048576K
GC Heap History (20 events):
Event: 4.293 GC heap before
{Heap before GC invocations=7 (full 0):
 garbage-first heap   total 132096K, used 81867K [0x00000000a1000000, 0x0000000100000000)
  region size 1024K, 55 young (56320K), 4 survivors (4096K)
 Metaspace       used 49109K, capacity 49649K, committed 49744K, reserved 1093632K
  class space    used 5704K, capacity 5931K, committed 6012K, reserved 1048576K
}
Event: 4.305 GC heap after
{Heap after GC invocations=8 (full 0):
 garbage-first heap   total 132096K, used 33705K [0x00000000a1000000, 0x0000000100000000)
  region size 1024K, 7 young (7168K), 7 survivors (7168K)
 Metaspace       used 49109K, capacity 49649K, committed 49744K, reserved 1093632K
  class space    used 5704K, capacity 5931K, committed 6012K, reserved 1048576K
}
Event: 5.671 GC heap before
{Heap before GC invocations=8 (full 0):
 garbage-first heap   total 132096K, used 87977K [0x00000000a1000000, 0x0000000100000000)
  region size 1024K, 60 young (61440K), 7 survivors (7168K)
 Metaspace       used 56095K, capacity 56697K, committed 56784K, reserved 1099776K
  class space    used 6364K, capacity 6607K, committed 6652K, reserved 1048576K
}
Event: 5.695 GC heap after
{Heap after GC invocations=9 (full 0):
 garbage-first heap   total 132096K, used 41984K [0x00000000a1000000, 0x0000000100000000)
  region size 1024K, 8 young (8192K), 8 survivors (8192K)
 Metaspace       used 56095K, capacity 56697K, committed 56784K, reserved 1099776K
  class space    used 6364K, capacity 6607K, committed 6652K, reserved 1048576K
}
Event: 6.707 GC heap before
{Heap before GC invocations=9 (full 0):
 garbage-first heap   total 132096K, used 93184K [0x00000000a1000000, 0x0000000100000000)
  region size 1024K, 58 young (59392K), 8 survivors (8192K)
 Metaspace       used 57075K, capacity 57754K, committed 57936K, reserved 1099776K
  class space    used 6412K, capacity 6682K, committed 6780K, reserved 1048576K
}
Event: 6.740 GC heap after
{Heap after GC invocations=10 (full 0):
 garbage-first heap   total 132096K, used 50896K [0x00000000a1000000, 0x0000000100000000)
  region size 1024K, 8 young (8192K), 8 survivors (8192K)
 Metaspace       used 57075K, capacity 57754K, committed 57936K, reserved 1099776K
  class space    used 6412K, capacity 6682K, committed 6780K, reserved 1048576K
}
Event: 7.390 GC heap before
{Heap before GC invocations=10 (full 0):
 garbage-first heap   total 132096K, used 95952K [0x00000000a1000000, 0x0000000100000000)
  region size 1024K, 52 young (53248K), 8 survivors (8192K)
 Metaspace       used 59079K, capacity 59746K, committed 59984K, reserved 1101824K
  class space    used 6638K, capacity 6897K, committed 7036K, reserved 1048576K
}
Event: 7.406 GC heap after
{Heap after GC invocations=11 (full 0):
 garbage-first heap   total 161792K, used 55807K [0x00000000a1000000, 0x0000000100000000)
  region size 1024K, 4 young (4096K), 4 survivors (4096K)
 Metaspace       used 59079K, capacity 59746K, committed 59984K, reserved 1101824K
  class space    used 6638K, capacity 6897K, committed 7036K, reserved 1048576K
}
Event: 7.759 GC heap before
{Heap before GC invocations=11 (full 0):
 garbage-first heap   total 161792K, used 62975K [0x00000000a1000000, 0x0000000100000000)
  region size 1024K, 12 young (12288K), 4 survivors (4096K)
 Metaspace       used 59792K, capacity 60415K, committed 60496K, reserved 1103872K
  class space    used 6699K, capacity 6969K, committed 7036K, reserved 1048576K
}
Event: 7.772 GC heap after
{Heap after GC invocations=12 (full 0):
 garbage-first heap   total 161792K, used 56095K [0x00000000a1000000, 0x0000000100000000)
  region size 1024K, 5 young (5120K), 5 survivors (5120K)
 Metaspace       used 59792K, capacity 60415K, committed 60496K, reserved 1103872K
  class space    used 6699K, capacity 6969K, committed 7036K, reserved 1048576K
}
Event: 10.200 GC heap before
{Heap before GC invocations=13 (full 0):
 garbage-first heap   total 161792K, used 110367K [0x00000000a1000000, 0x0000000100000000)
  region size 1024K, 58 young (59392K), 5 survivors (5120K)
 Metaspace       used 66415K, capacity 67209K, committed 67408K, reserved 1110016K
  class space    used 7430K, capacity 7776K, committed 7804K, reserved 1048576K
}
Event: 10.227 GC heap after
{Heap after GC invocations=14 (full 0):
 garbage-first heap   total 161792K, used 63263K [0x00000000a1000000, 0x0000000100000000)
  region size 1024K, 8 young (8192K), 8 survivors (8192K)
 Metaspace       used 66415K, capacity 67209K, committed 67408K, reserved 1110016K
  class space    used 7430K, capacity 7776K, committed 7804K, reserved 1048576K
}
Event: 12.633 GC heap before
{Heap before GC invocations=15 (full 0):
 garbage-first heap   total 161792K, used 117535K [0x00000000a1000000, 0x0000000100000000)
  region size 1024K, 60 young (61440K), 8 survivors (8192K)
 Metaspace       used 68180K, capacity 69035K, committed 69328K, reserved 1110016K
  class space    used 7468K, capacity 7816K, committed 7932K, reserved 1048576K
}
Event: 12.662 GC heap after
{Heap after GC invocations=16 (full 0):
 garbage-first heap   total 161792K, used 70848K [0x00000000a1000000, 0x0000000100000000)
  region size 1024K, 8 young (8192K), 8 survivors (8192K)
 Metaspace       used 68180K, capacity 69035K, committed 69328K, reserved 1110016K
  class space    used 7468K, capacity 7816K, committed 7932K, reserved 1048576K
}
Event: 13.972 GC heap before
{Heap before GC invocations=16 (full 0):
 garbage-first heap   total 161792K, used 121024K [0x00000000a1000000, 0x0000000100000000)
  region size 1024K, 57 young (58368K), 8 survivors (8192K)
 Metaspace       used 74212K, capacity 75115K, committed 75216K, reserved 1116160K
  class space    used 8027K, capacity 8381K, committed 8444K, reserved 1048576K
}
Event: 13.994 GC heap after
{Heap after GC invocations=17 (full 0):
 garbage-first heap   total 194560K, used 75464K [0x00000000a1000000, 0x0000000100000000)
  region size 1024K, 5 young (5120K), 5 survivors (5120K)
 Metaspace       used 74212K, capacity 75115K, committed 75216K, reserved 1116160K
  class space    used 8027K, capacity 8381K, committed 8444K, reserved 1048576K
}
Event: 15.539 GC heap before
{Heap before GC invocations=17 (full 0):
 garbage-first heap   total 194560K, used 138952K [0x00000000a1000000, 0x0000000100000000)
  region size 1024K, 67 young (68608K), 5 survivors (5120K)
 Metaspace       used 82548K, capacity 83462K, committed 83536K, reserved 1124352K
  class space    used 8918K, capacity 9283K, committed 9340K, reserved 1048576K
}
Event: 15.562 GC heap after
{Heap after GC invocations=18 (full 0):
 garbage-first heap   total 194560K, used 84992K [0x00000000a1000000, 0x0000000100000000)
  region size 1024K, 9 young (9216K), 9 survivors (9216K)
 Metaspace       used 82548K, capacity 83462K, committed 83536K, reserved 1124352K
  class space    used 8918K, capacity 9283K, committed 9340K, reserved 1048576K
}
Event: 16.347 GC heap before
{Heap before GC invocations=18 (full 0):
 garbage-first heap   total 194560K, used 145408K [0x00000000a1000000, 0x0000000100000000)
  region size 1024K, 68 young (69632K), 9 survivors (9216K)
 Metaspace       used 83490K, capacity 84360K, committed 84560K, reserved 1124352K
  class space    used 8938K, capacity 9283K, committed 9340K, reserved 1048576K
}
Event: 16.371 GC heap after
{Heap after GC invocations=19 (full 0):
 garbage-first heap   total 194560K, used 88723K [0x00000000a1000000, 0x0000000100000000)
  region size 1024K, 4 young (4096K), 4 survivors (4096K)
 Metaspace       used 83490K, capacity 84360K, committed 84560K, reserved 1124352K
  class space    used 8938K, capacity 9283K, committed 9340K, reserved 1048576K
}

