# JRE version: OpenJDK Runtime Environment (11.0.13) (build 11.0.13+0-b1751.21-8125866)
# Java VM: OpenJDK 64-Bit Server VM (11.0.13+0-b1751.21-8125866, mixed mode, tiered, compressed oops, g1 gc, windows-amd64)
Heap:
 garbage-first heap   total 192512K, used 116009K [0x00000000a1000000, 0x0000000100000000)
  region size 1024K, 36 young (36864K), 6 survivors (6144K)
 Metaspace       used 84716K, capacity 85615K, committed 85760K, reserved 1126400K
  class space    used 9032K, capacity 9381K, committed 9472K, reserved 1048576K
GC Heap History (20 events):
Event: 4.652 GC heap before
{Heap before GC invocations=7 (full 0):
 garbage-first heap   total 124928K, used 77793K [0x00000000a1000000, 0x0000000100000000)
  region size 1024K, 52 young (53248K), 4 survivors (4096K)
 Metaspace       used 48621K, capacity 49176K, committed 49408K, reserved 1093632K
  class space    used 5667K, capacity 5888K, committed 5888K, reserved 1048576K
}
Event: 4.666 GC heap after
{Heap after GC invocations=8 (full 0):
 garbage-first heap   total 124928K, used 31684K [0x00000000a1000000, 0x0000000100000000)
  region size 1024K, 7 young (7168K), 7 survivors (7168K)
 Metaspace       used 48621K, capacity 49176K, committed 49408K, reserved 1093632K
  class space    used 5667K, capacity 5888K, committed 5888K, reserved 1048576K
}
Event: 5.862 GC heap before
{Heap before GC invocations=8 (full 0):
 garbage-first heap   total 124928K, used 81860K [0x00000000a1000000, 0x0000000100000000)
  region size 1024K, 56 young (57344K), 7 survivors (7168K)
 Metaspace       used 55017K, capacity 55606K, committed 55808K, reserved 1097728K
  class space    used 6320K, capacity 6566K, committed 6656K, reserved 1048576K
}
Event: 5.893 GC heap after
{Heap after GC invocations=9 (full 0):
 garbage-first heap   total 124928K, used 39261K [0x00000000a1000000, 0x0000000100000000)
  region size 1024K, 7 young (7168K), 7 survivors (7168K)
 Metaspace       used 55017K, capacity 55606K, committed 55808K, reserved 1097728K
  class space    used 6320K, capacity 6566K, committed 6656K, reserved 1048576K
}
Event: 7.191 GC heap before
{Heap before GC invocations=9 (full 0):
 garbage-first heap   total 124928K, used 86365K [0x00000000a1000000, 0x0000000100000000)
  region size 1024K, 53 young (54272K), 7 survivors (7168K)
 Metaspace       used 56762K, capacity 57376K, committed 57600K, reserved 1099776K
  class space    used 6385K, capacity 6641K, committed 6656K, reserved 1048576K
}
Event: 7.229 GC heap after
{Heap after GC invocations=10 (full 0):
 garbage-first heap   total 124928K, used 48128K [0x00000000a1000000, 0x0000000100000000)
  region size 1024K, 7 young (7168K), 7 survivors (7168K)
 Metaspace       used 56762K, capacity 57376K, committed 57600K, reserved 1099776K
  class space    used 6385K, capacity 6641K, committed 6656K, reserved 1048576K
}
Event: 7.520 GC heap before
{Heap before GC invocations=10 (full 0):
 garbage-first heap   total 124928K, used 90112K [0x00000000a1000000, 0x0000000100000000)
  region size 1024K, 48 young (49152K), 7 survivors (7168K)
 Metaspace       used 57113K, capacity 57754K, committed 57984K, reserved 1099776K
  class space    used 6413K, capacity 6682K, committed 6784K, reserved 1048576K
}
Event: 7.544 GC heap after
{Heap after GC invocations=11 (full 0):
 garbage-first heap   total 159744K, used 51200K [0x00000000a1000000, 0x0000000100000000)
  region size 1024K, 3 young (3072K), 3 survivors (3072K)
 Metaspace       used 57113K, capacity 57754K, committed 57984K, reserved 1099776K
  class space    used 6413K, capacity 6682K, committed 6784K, reserved 1048576K
}
Event: 8.288 GC heap before
{Heap before GC invocations=11 (full 0):
 garbage-first heap   total 159744K, used 71680K [0x00000000a1000000, 0x0000000100000000)
  region size 1024K, 24 young (24576K), 3 survivors (3072K)
 Metaspace       used 59408K, capacity 60052K, committed 60160K, reserved 1101824K
  class space    used 6670K, capacity 6933K, committed 7040K, reserved 1048576K
}
Event: 8.308 GC heap after
{Heap after GC invocations=12 (full 0):
 garbage-first heap   total 159744K, used 54689K [0x00000000a1000000, 0x0000000100000000)
  region size 1024K, 6 young (6144K), 6 survivors (6144K)
 Metaspace       used 59408K, capacity 60052K, committed 60160K, reserved 1101824K
  class space    used 6670K, capacity 6933K, committed 7040K, reserved 1048576K
}
Event: 10.718 GC heap before
{Heap before GC invocations=13 (full 0):
 garbage-first heap   total 159744K, used 105889K [0x00000000a1000000, 0x0000000100000000)
  region size 1024K, 56 young (57344K), 6 survivors (6144K)
 Metaspace       used 65917K, capacity 66757K, committed 66944K, reserved 1107968K
  class space    used 7429K, capacity 7776K, committed 7808K, reserved 1048576K
}
Event: 10.737 GC heap after
{Heap after GC invocations=14 (full 0):
 garbage-first heap   total 159744K, used 60416K [0x00000000a1000000, 0x0000000100000000)
  region size 1024K, 7 young (7168K), 7 survivors (7168K)
 Metaspace       used 65917K, capacity 66757K, committed 66944K, reserved 1107968K
  class space    used 7429K, capacity 7776K, committed 7808K, reserved 1048576K
}
Event: 12.796 GC heap before
{Heap before GC invocations=14 (full 0):
 garbage-first heap   total 159744K, used 111616K [0x00000000a1000000, 0x0000000100000000)
  region size 1024K, 56 young (57344K), 7 survivors (7168K)
 Metaspace       used 67879K, capacity 68706K, committed 68864K, reserved 1110016K
  class space    used 7464K, capacity 7815K, committed 7936K, reserved 1048576K
}
Event: 12.824 GC heap after
{Heap after GC invocations=15 (full 0):
 garbage-first heap   total 159744K, used 68074K [0x00000000a1000000, 0x0000000100000000)
  region size 1024K, 7 young (7168K), 7 survivors (7168K)
 Metaspace       used 67879K, capacity 68706K, committed 68864K, reserved 1110016K
  class space    used 7464K, capacity 7815K, committed 7936K, reserved 1048576K
}
Event: 14.300 GC heap before
{Heap before GC invocations=15 (full 0):
 garbage-first heap   total 159744K, used 116202K [0x00000000a1000000, 0x0000000100000000)
  region size 1024K, 54 young (55296K), 7 survivors (7168K)
 Metaspace       used 73512K, capacity 74317K, committed 74368K, reserved 1116160K
  class space    used 7965K, capacity 8305K, committed 8320K, reserved 1048576K
}
Event: 14.314 GC heap after
{Heap after GC invocations=16 (full 0):
 garbage-first heap   total 192512K, used 71530K [0x00000000a1000000, 0x0000000100000000)
  region size 1024K, 4 young (4096K), 4 survivors (4096K)
 Metaspace       used 73512K, capacity 74317K, committed 74368K, reserved 1116160K
  class space    used 7965K, capacity 8305K, committed 8320K, reserved 1048576K
}
Event: 15.746 GC heap before
{Heap before GC invocations=16 (full 0):
 garbage-first heap   total 192512K, used 129898K [0x00000000a1000000, 0x0000000100000000)
  region size 1024K, 61 young (62464K), 4 survivors (4096K)
 Metaspace       used 80526K, capacity 81338K, committed 81536K, reserved 1122304K
  class space    used 8744K, capacity 9087K, committed 9088K, reserved 1048576K
}
Event: 15.764 GC heap after
{Heap after GC invocations=17 (full 0):
 garbage-first heap   total 192512K, used 80529K [0x00000000a1000000, 0x0000000100000000)
  region size 1024K, 8 young (8192K), 8 survivors (8192K)
 Metaspace       used 80526K, capacity 81338K, committed 81536K, reserved 1122304K
  class space    used 8744K, capacity 9087K, committed 9088K, reserved 1048576K
}
Event: 16.721 GC heap before
{Heap before GC invocations=17 (full 0):
 garbage-first heap   total 192512K, used 140945K [0x00000000a1000000, 0x0000000100000000)
  region size 1024K, 67 young (68608K), 8 survivors (8192K)
 Metaspace       used 83374K, capacity 84297K, committed 84608K, reserved 1124352K
  class space    used 8935K, capacity 9283K, committed 9344K, reserved 1048576K
}
Event: 16.746 GC heap after
{Heap after GC invocations=18 (full 0):
 garbage-first heap   total 192512K, used 86313K [0x00000000a1000000, 0x0000000100000000)
  region size 1024K, 6 young (6144K), 6 survivors (6144K)
 Metaspace       used 83374K, capacity 84297K, committed 84608K, reserved 1124352K
  class space    used 8935K, capacity 9283K, committed 9344K, reserved 1048576K
}

